<?xml version="1.0" encoding="UTF-8"?>
<!-- Generated by org.testng.reporters.JUnitXMLReporter -->
<testsuite ignored="0" hostname="IN3070789W1" failures="1" tests="1" name="Default test" time="15.691" errors="0" timestamp="2023-01-19T13:00:22 IST">
  <testcase classname="io.cucumber.testng.AbstractTestNGCucumberTests" name="runScenario" time="14.13">
    <failure type="org.junit.ComparisonFailure" message="expected:&amp;lt;Hello []aniselen!&amp;gt; but was:&amp;lt;Hello [r]aniselen!&amp;gt;">
      <![CDATA[org.junit.ComparisonFailure: expected:<Hello []aniselen!> but was:<Hello [r]aniselen!>
at org.junit.Assert.assertEquals(Assert.java:117)
at org.junit.Assert.assertEquals(Assert.java:146)
at stepdefinition.TestSteps.login_is_succesful(TestSteps.java:107)
at ✽.Login is succesful(file:///C:/Users/CT181LL/eclipse-workspace/CucumberTestNgDemo/Feature/LoginTest1.feature:27)
]]>
    </failure>
  </testcase> <!-- runScenario -->
</testsuite> <!-- Default test -->
