<?xml version="1.0" encoding="UTF-8"?>
<testng-results ignored="0" total="1" passed="0" failed="1" skipped="0">
  <reporter-output>
  </reporter-output>
  <suite started-at="2023-01-19T13:00:06 IST" name="Default suite" finished-at="2023-01-19T13:00:22 IST" duration-ms="15691">
    <groups>
      <group name="cucumber">
        <method signature="AbstractTestNGCucumberTests.runScenario(io.cucumber.testng.PickleWrapper,io.cucumber.testng.FeatureWrapper)[pri:0, instance:testrunner.CucumberRunner@2a693f59]" name="runScenario" class="io.cucumber.testng.AbstractTestNGCucumberTests"/>
      </group> <!-- cucumber -->
    </groups>
    <test started-at="2023-01-19T13:00:06 IST" name="Default test" finished-at="2023-01-19T13:00:22 IST" duration-ms="15691">
      <class name="testrunner.CucumberRunner">
        <test-method is-config="true" signature="setUpClass(org.testng.ITestContext)[pri:0, instance:testrunner.CucumberRunner@2a693f59]" started-at="2023-01-19T13:00:06 IST" name="setUpClass" finished-at="2023-01-19T13:00:07 IST" duration-ms="808" status="PASS">
          <params>
            <param index="0">
              <value>
                <![CDATA[org.testng.TestRunner@733e6df7]]>
              </value>
            </param>
          </params>
          <reporter-output>
          </reporter-output>
        </test-method> <!-- setUpClass -->
        <test-method signature="runScenario(io.cucumber.testng.PickleWrapper,io.cucumber.testng.FeatureWrapper)[pri:0, instance:testrunner.CucumberRunner@2a693f59]" started-at="2023-01-19T13:00:07 IST" name="runScenario" description="Runs Cucumber Scenarios" data-provider="scenarios" finished-at="2023-01-19T13:00:21 IST" duration-ms="14130" status="FAIL">
          <params>
            <param index="0">
              <value>
                <![CDATA["Succesful login with valid credentials as parameters"]]>
              </value>
            </param>
            <param index="1">
              <value>
                <![CDATA["AdactinApp Login Feature"]]>
              </value>
            </param>
          </params>
          <exception class="org.junit.ComparisonFailure">
            <message>
              <![CDATA[expected:<Hello []aniselen!> but was:<Hello [r]aniselen!>]]>
            </message>
            <full-stacktrace>
              <![CDATA[org.junit.ComparisonFailure: expected:<Hello []aniselen!> but was:<Hello [r]aniselen!>
at org.junit.Assert.assertEquals(Assert.java:117)
at org.junit.Assert.assertEquals(Assert.java:146)
at stepdefinition.TestSteps.login_is_succesful(TestSteps.java:107)
at ✽.Login is succesful(file:///C:/Users/CT181LL/eclipse-workspace/CucumberTestNgDemo/Feature/LoginTest1.feature:27)
]]>
            </full-stacktrace>
          </exception> <!-- org.junit.ComparisonFailure -->
          <reporter-output>
          </reporter-output>
        </test-method> <!-- runScenario -->
        <test-method is-config="true" signature="tearDownClass()[pri:0, instance:testrunner.CucumberRunner@2a693f59]" started-at="2023-01-19T13:00:21 IST" name="tearDownClass" finished-at="2023-01-19T13:00:22 IST" duration-ms="670" status="PASS">
          <reporter-output>
          </reporter-output>
        </test-method> <!-- tearDownClass -->
      </class> <!-- testrunner.CucumberRunner -->
    </test> <!-- Default test -->
  </suite> <!-- Default suite -->
</testng-results>
