<?xml version="1.0" encoding="UTF-8"?>
<!-- Generated by org.testng.reporters.JUnitReportReporter -->
<testsuite hostname="IN3070789W1" failures="1" tests="1" name="testrunner.CucumberRunner" time="14.130" errors="0" timestamp="2023-01-19T13:00:23 IST" skipped="0">
  <testcase classname="testrunner.CucumberRunner" name="runScenario" time="14.130">
    <failure message="expected:&lt;Hello []aniselen!&gt; but was:&lt;Hello [r]aniselen!&gt;" type="org.junit.ComparisonFailure">
      <![CDATA[org.junit.ComparisonFailure: expected:<Hello []aniselen!> but was:<Hello [r]aniselen!>
at org.junit.Assert.assertEquals(Assert.java:117)
at org.junit.Assert.assertEquals(Assert.java:146)
at stepdefinition.TestSteps.login_is_succesful(TestSteps.java:107)
at ✽.Login is succesful(file:///C:/Users/CT181LL/eclipse-workspace/CucumberTestNgDemo/Feature/LoginTest1.feature:27)
]]>
    </failure>
  </testcase> <!-- runScenario -->
  <system-out/>
</testsuite> <!-- testrunner.CucumberRunner -->
